%!Adobe-FontList 1.19
%Locale:0x41d

%BeginFont
Handler:DirectoryHandler
FontType:Type1
FontName:MinionPro-Regular
FamilyName:Minion Pro
StyleName:Regular
FullName:Minion Pro
MenuName:Minion Pro
StyleBits:0
WritingScript:Roman
OutlineFileName:C:\Users\Lisa\Local Sites\lundbergs\app\public\wp-content\themes\lundbergs\WP_guide Folder\Document fonts\MinionPro-Regular.otf
DataFormat:sfntData
UsesStandardEncoding:yes
isCFF:yes
hasSVG:no
VariableFontType:NonVariableFont
FileLength:218640
FileModTime:1513166769
WeightClass:400
WidthClass:5
AngleClass:0
DesignSize:110
NameArray:0,Mac,4,Minion Pro
NameArray:0,Win,1,Minion Pro
%EndFont

%BeginFont
Handler:DirectoryHandler
FontType:TrueType
FontName:Montserrat-Black
FamilyName:Montserrat
StyleName:Black
FullName:Montserrat Black
MenuName:Montserrat Black
StyleBits:0
WritingScript:Roman
OutlineFileName:C:\Users\Lisa\Local Sites\lundbergs\app\public\wp-content\themes\lundbergs\WP_guide Folder\Document fonts\Montserrat-Black.ttf
DataFormat:sfntData
hasSVG:no
VariableFontType:NonVariableFont
FileLength:194544
FileModTime:1513166769
WeightClass:900
WidthClass:5
AngleClass:0
NameArray:0,Mac,4,Montserrat Black
NameArray:0,Win,1,Montserrat Black
NameArray:0,Win,16,Montserrat
%EndFont

%BeginFont
Handler:DirectoryHandler
FontType:TrueType
FontName:Montserrat-Bold
FamilyName:Montserrat
StyleName:Bold
FullName:Montserrat Bold
MenuName:Montserrat
StyleBits:2
WritingScript:Roman
OutlineFileName:C:\Users\Lisa\Local Sites\lundbergs\app\public\wp-content\themes\lundbergs\WP_guide Folder\Document fonts\Montserrat-Bold.ttf
DataFormat:sfntData
hasSVG:no
VariableFontType:NonVariableFont
FileLength:191648
FileModTime:1513166769
WeightClass:700
WidthClass:5
AngleClass:0
NameArray:0,Mac,4,Montserrat Bold
NameArray:0,Win,1,Montserrat
%EndFont

%BeginFont
Handler:DirectoryHandler
FontType:TrueType
FontName:Montserrat-ExtraLight
FamilyName:Montserrat
StyleName:ExtraLight
FullName:Montserrat ExtraLight
MenuName:Montserrat ExtraLight
StyleBits:0
WritingScript:Roman
OutlineFileName:C:\Users\Lisa\Local Sites\lundbergs\app\public\wp-content\themes\lundbergs\WP_guide Folder\Document fonts\Montserrat-ExtraLight.ttf
DataFormat:sfntData
hasSVG:no
VariableFontType:NonVariableFont
FileLength:196472
FileModTime:1513166769
WeightClass:275
WidthClass:5
AngleClass:0
NameArray:0,Mac,4,Montserrat ExtraLight
NameArray:0,Win,1,Montserrat ExtraLight
NameArray:0,Win,16,Montserrat
%EndFont

%BeginFont
Handler:DirectoryHandler
FontType:TrueType
FontName:Montserrat-ExtraLightItalic
FamilyName:Montserrat
StyleName:ExtraLight Italic
FullName:Montserrat ExtraLight Italic
MenuName:Montserrat ExtraLight
StyleBits:1
WritingScript:Roman
OutlineFileName:C:\Users\Lisa\Local Sites\lundbergs\app\public\wp-content\themes\lundbergs\WP_guide Folder\Document fonts\Montserrat-ExtraLightItalic.ttf
DataFormat:sfntData
hasSVG:no
VariableFontType:NonVariableFont
FileLength:264004
FileModTime:1513166769
WeightClass:275
WidthClass:5
AngleClass:1
NameArray:0,Mac,4,Montserrat ExtraLight Italic
NameArray:0,Win,1,Montserrat ExtraLight
NameArray:0,Win,16,Montserrat
%EndFont

%BeginFont
Handler:DirectoryHandler
FontType:TrueType
FontName:Montserrat-Italic
FamilyName:Montserrat
StyleName:Italic
FullName:Montserrat Italic
MenuName:Montserrat
StyleBits:1
WritingScript:Roman
OutlineFileName:C:\Users\Lisa\Local Sites\lundbergs\app\public\wp-content\themes\lundbergs\WP_guide Folder\Document fonts\Montserrat-Italic.ttf
DataFormat:sfntData
hasSVG:no
VariableFontType:NonVariableFont
FileLength:266628
FileModTime:1513166769
WeightClass:400
WidthClass:5
AngleClass:1
NameArray:0,Mac,4,Montserrat Italic
NameArray:0,Win,1,Montserrat
%EndFont

%BeginFont
Handler:DirectoryHandler
FontType:TrueType
FontName:Montserrat-Light
FamilyName:Montserrat
StyleName:Light
FullName:Montserrat Light
MenuName:Montserrat Light
StyleBits:0
WritingScript:Roman
OutlineFileName:C:\Users\Lisa\Local Sites\lundbergs\app\public\wp-content\themes\lundbergs\WP_guide Folder\Document fonts\Montserrat-Light.ttf
DataFormat:sfntData
hasSVG:no
VariableFontType:NonVariableFont
FileLength:192116
FileModTime:1513166769
WeightClass:300
WidthClass:5
AngleClass:0
NameArray:0,Mac,4,Montserrat Light
NameArray:0,Win,1,Montserrat Light
NameArray:0,Win,16,Montserrat
%EndFont

%BeginFont
Handler:DirectoryHandler
FontType:TrueType
FontName:Montserrat-LightItalic
FamilyName:Montserrat
StyleName:Light Italic
FullName:Montserrat Light Italic
MenuName:Montserrat Light
StyleBits:1
WritingScript:Roman
OutlineFileName:C:\Users\Lisa\Local Sites\lundbergs\app\public\wp-content\themes\lundbergs\WP_guide Folder\Document fonts\Montserrat-LightItalic.ttf
DataFormat:sfntData
hasSVG:no
VariableFontType:NonVariableFont
FileLength:263712
FileModTime:1513166769
WeightClass:300
WidthClass:5
AngleClass:1
NameArray:0,Mac,4,Montserrat Light Italic
NameArray:0,Win,1,Montserrat Light
NameArray:0,Win,16,Montserrat
%EndFont

%BeginFont
Handler:DirectoryHandler
FontType:TrueType
FontName:Montserrat-Medium
FamilyName:Montserrat
StyleName:Medium
FullName:Montserrat Medium
MenuName:Montserrat Medium
StyleBits:0
WritingScript:Roman
OutlineFileName:C:\Users\Lisa\Local Sites\lundbergs\app\public\wp-content\themes\lundbergs\WP_guide Folder\Document fonts\Montserrat-Medium.ttf
DataFormat:sfntData
hasSVG:no
VariableFontType:NonVariableFont
FileLength:192488
FileModTime:1513166769
WeightClass:500
WidthClass:5
AngleClass:0
NameArray:0,Mac,4,Montserrat Medium
NameArray:0,Win,1,Montserrat Medium
NameArray:0,Win,16,Montserrat
%EndFont

%BeginFont
Handler:DirectoryHandler
FontType:TrueType
FontName:Montserrat-MediumItalic
FamilyName:Montserrat
StyleName:Medium Italic
FullName:Montserrat Medium Italic
MenuName:Montserrat Medium
StyleBits:1
WritingScript:Roman
OutlineFileName:C:\Users\Lisa\Local Sites\lundbergs\app\public\wp-content\themes\lundbergs\WP_guide Folder\Document fonts\Montserrat-MediumItalic.ttf
DataFormat:sfntData
hasSVG:no
VariableFontType:NonVariableFont
FileLength:265176
FileModTime:1513166769
WeightClass:500
WidthClass:5
AngleClass:1
NameArray:0,Mac,4,Montserrat Medium Italic
NameArray:0,Win,1,Montserrat Medium
NameArray:0,Win,16,Montserrat
%EndFont

%BeginFont
Handler:DirectoryHandler
FontType:TrueType
FontName:Montserrat-Regular
FamilyName:Montserrat
StyleName:Regular
FullName:Montserrat Regular
MenuName:Montserrat
StyleBits:0
WritingScript:Roman
OutlineFileName:C:\Users\Lisa\Local Sites\lundbergs\app\public\wp-content\themes\lundbergs\WP_guide Folder\Document fonts\Montserrat-Regular.ttf
DataFormat:sfntData
hasSVG:no
VariableFontType:NonVariableFont
FileLength:190648
FileModTime:1513166769
WeightClass:400
WidthClass:5
AngleClass:0
NameArray:0,Mac,4,Montserrat Regular
NameArray:0,Win,1,Montserrat
%EndFont

%BeginFont
Handler:DirectoryHandler
FontType:TrueType
FontName:Montserrat-SemiBold
FamilyName:Montserrat
StyleName:SemiBold
FullName:Montserrat SemiBold
MenuName:Montserrat SemiBold
StyleBits:0
WritingScript:Roman
OutlineFileName:C:\Users\Lisa\Local Sites\lundbergs\app\public\wp-content\themes\lundbergs\WP_guide Folder\Document fonts\Montserrat-SemiBold.ttf
DataFormat:sfntData
hasSVG:no
VariableFontType:NonVariableFont
FileLength:192268
FileModTime:1513166769
WeightClass:600
WidthClass:5
AngleClass:0
NameArray:0,Mac,4,Montserrat SemiBold
NameArray:0,Win,1,Montserrat SemiBold
NameArray:0,Win,16,Montserrat
%EndFont

%BeginFont
Handler:DirectoryHandler
FontType:TrueType
FontName:Montserrat-SemiBoldItalic
FamilyName:Montserrat
StyleName:SemiBold Italic
FullName:Montserrat SemiBold Italic
MenuName:Montserrat SemiBold
StyleBits:1
WritingScript:Roman
OutlineFileName:C:\Users\Lisa\Local Sites\lundbergs\app\public\wp-content\themes\lundbergs\WP_guide Folder\Document fonts\Montserrat-SemiBoldItalic.ttf
DataFormat:sfntData
hasSVG:no
VariableFontType:NonVariableFont
FileLength:266336
FileModTime:1513166769
WeightClass:600
WidthClass:5
AngleClass:1
NameArray:0,Mac,4,Montserrat SemiBold Italic
NameArray:0,Win,1,Montserrat SemiBold
NameArray:0,Win,16,Montserrat
%EndFont

%BeginFont
Handler:DirectoryHandler
FontType:TrueType
FontName:Montserrat-Thin
FamilyName:Montserrat
StyleName:Thin
FullName:Montserrat Thin
MenuName:Montserrat Thin
StyleBits:0
WritingScript:Roman
OutlineFileName:C:\Users\Lisa\Local Sites\lundbergs\app\public\wp-content\themes\lundbergs\WP_guide Folder\Document fonts\Montserrat-Thin.ttf
DataFormat:sfntData
hasSVG:no
VariableFontType:NonVariableFont
FileLength:191468
FileModTime:1513166769
WeightClass:250
WidthClass:5
AngleClass:0
NameArray:0,Mac,4,Montserrat Thin
NameArray:0,Win,1,Montserrat Thin
NameArray:0,Win,16,Montserrat
%EndFont

%BeginFont
Handler:DirectoryHandler
FontType:TrueType
FontName:Montserrat-ThinItalic
FamilyName:Montserrat
StyleName:Thin Italic
FullName:Montserrat Thin Italic
MenuName:Montserrat Thin
StyleBits:1
WritingScript:Roman
OutlineFileName:C:\Users\Lisa\Local Sites\lundbergs\app\public\wp-content\themes\lundbergs\WP_guide Folder\Document fonts\Montserrat-ThinItalic.ttf
DataFormat:sfntData
hasSVG:no
VariableFontType:NonVariableFont
FileLength:262776
FileModTime:1513166769
WeightClass:250
WidthClass:5
AngleClass:1
NameArray:0,Mac,4,Montserrat Thin Italic
NameArray:0,Win,1,Montserrat Thin
NameArray:0,Win,16,Montserrat
%EndFont

